<?xml version="1.0" encoding="UTF-8"?>
<!-- Generated by org.testng.reporters.JUnitReportReporter -->
<testsuite skipped="0" hostname="Shri-PC" name="Com.Test.webForm" tests="1" failures="0" timestamp="2022-03-02T14:32:58 IST" time="42.319" errors="0">
  <testcase name="DatePicker" time="42.319" classname="Com.Test.webForm"/>
  <system-out/>
</testsuite> <!-- Com.Test.webForm -->
