<?xml version="1.0" encoding="UTF-8"?>
<!-- Generated by org.testng.reporters.JUnitReportReporter -->
<testsuite skipped="0" hostname="Shri-PC" name="chapter3_WebDriver_Fundamentals.Base3" tests="1" failures="0" timestamp="2022-03-01T17:37:53 IST" time="31.399" errors="0">
  <testcase name="textinput" time="31.399" classname="chapter3_WebDriver_Fundamentals.Base3"/>
  <system-out/>
</testsuite> <!-- chapter3_WebDriver_Fundamentals.Base3 -->
